0 info it worked if it ends with ok
1 verbose cli [ '/Users/jrpz/.nvm/versions/node/v4.4.3/bin/node',
1 verbose cli   '/Users/jrpz/.nvm/versions/node/v4.4.3/bin/npm',
1 verbose cli   'run',
1 verbose cli   'build' ]
2 info using npm@3.8.6
3 info using node@v4.4.3
4 verbose run-script [ 'prebuild', 'build', 'postbuild' ]
5 info lifecycle orson@0.0.1~prebuild: orson@0.0.1
6 verbose lifecycle orson@0.0.1~prebuild: unsafe-perm in lifecycle true
7 verbose lifecycle orson@0.0.1~prebuild: PATH: /Users/jrpz/.nvm/versions/node/v4.4.3/lib/node_modules/npm/bin/node-gyp-bin:/Users/jrpz/Code/orson/node_modules/.bin:/Users/jrpz/.nvm/versions/node/v4.4.3/bin:/Users/jrpz/.nvm/versions/node/v4.4.3/bin:/Users/jrpz/.rbenv/shims:/Users/jrpz/.rbenv/bin:/usr/local/bin:/usr/bin:/bin:/usr/sbin:/sbin
8 verbose lifecycle orson@0.0.1~prebuild: CWD: /Users/jrpz/Code/orson
9 silly lifecycle orson@0.0.1~prebuild: Args: [ '-c', 'npm run clean' ]
10 silly lifecycle orson@0.0.1~prebuild: Returned: code: 0  signal: null
11 info lifecycle orson@0.0.1~build: orson@0.0.1
12 verbose lifecycle orson@0.0.1~build: unsafe-perm in lifecycle true
13 verbose lifecycle orson@0.0.1~build: PATH: /Users/jrpz/.nvm/versions/node/v4.4.3/lib/node_modules/npm/bin/node-gyp-bin:/Users/jrpz/Code/orson/node_modules/.bin:/Users/jrpz/.nvm/versions/node/v4.4.3/bin:/Users/jrpz/.nvm/versions/node/v4.4.3/bin:/Users/jrpz/.rbenv/shims:/Users/jrpz/.rbenv/bin:/usr/local/bin:/usr/bin:/bin:/usr/sbin:/sbin
14 verbose lifecycle orson@0.0.1~build: CWD: /Users/jrpz/Code/orson
15 silly lifecycle orson@0.0.1~build: Args: [ '-c', 'babel src -d dist' ]
16 silly lifecycle orson@0.0.1~build: Returned: code: 1  signal: null
17 info lifecycle orson@0.0.1~build: Failed to exec build script
18 verbose stack Error: orson@0.0.1 build: `babel src -d dist`
18 verbose stack Exit status 1
18 verbose stack     at EventEmitter.<anonymous> (/Users/jrpz/.nvm/versions/node/v4.4.3/lib/node_modules/npm/lib/utils/lifecycle.js:239:16)
18 verbose stack     at emitTwo (events.js:87:13)
18 verbose stack     at EventEmitter.emit (events.js:172:7)
18 verbose stack     at ChildProcess.<anonymous> (/Users/jrpz/.nvm/versions/node/v4.4.3/lib/node_modules/npm/lib/utils/spawn.js:24:14)
18 verbose stack     at emitTwo (events.js:87:13)
18 verbose stack     at ChildProcess.emit (events.js:172:7)
18 verbose stack     at maybeClose (internal/child_process.js:827:16)
18 verbose stack     at Process.ChildProcess._handle.onexit (internal/child_process.js:211:5)
19 verbose pkgid orson@0.0.1
20 verbose cwd /Users/jrpz/Code/orson
21 error Darwin 15.5.0
22 error argv "/Users/jrpz/.nvm/versions/node/v4.4.3/bin/node" "/Users/jrpz/.nvm/versions/node/v4.4.3/bin/npm" "run" "build"
23 error node v4.4.3
24 error npm  v3.8.6
25 error code ELIFECYCLE
26 error orson@0.0.1 build: `babel src -d dist`
26 error Exit status 1
27 error Failed at the orson@0.0.1 build script 'babel src -d dist'.
27 error Make sure you have the latest version of node.js and npm installed.
27 error If you do, this is most likely a problem with the orson package,
27 error not with npm itself.
27 error Tell the author that this fails on your system:
27 error     babel src -d dist
27 error You can get information on how to open an issue for this project with:
27 error     npm bugs orson
27 error Or if that isn't available, you can get their info via:
27 error     npm owner ls orson
27 error There is likely additional logging output above.
28 verbose exit [ 1, true ]
